<?xml version="1.0" encoding="UTF-8"?>
<robot generator="Robot 4.0.3 (Python 3.9.5 on win32)" generated="20210719 15:41:09.439" rpa="false" schemaversion="2">
<suite id="s1" name="PaginaTeste" source="C:\Users\ju_le\OneDrive\Área de Trabalho\Desenvolvimento\robotTeste\PaginaTeste.robot">
<test id="s1-t1" name="Cenário de teste 01 - Abrir Pagina Web">
<kw name="Abrir Pagina de Teste" library="Resource">
<kw name="Open Browser" library="SeleniumLibrary">
<arg>${URL}</arg>
<arg>${BROWSER}</arg>
<doc>Opens a new browser instance to the optional ``url``.</doc>
<msg timestamp="20210719 15:41:09.665" level="INFO">Opening browser 'Chrome' to base url 'https://juliarodrigues606.github.io/paginaTeste/'.</msg>
<status status="PASS" starttime="20210719 15:41:09.665" endtime="20210719 15:41:11.899"/>
</kw>
<status status="PASS" starttime="20210719 15:41:09.665" endtime="20210719 15:41:11.899"/>
</kw>
<kw name="Verificar titulo da pagina" library="Resource">
<kw name="Title Should Be" library="SeleniumLibrary">
<arg>Pagina de Teste Automação - Júlia Rodrigues</arg>
<doc>Verifies that the current page title equals ``title``.</doc>
<msg timestamp="20210719 15:41:11.911" level="INFO">Page title is 'Pagina de Teste Automação - Júlia Rodrigues'.</msg>
<status status="PASS" starttime="20210719 15:41:11.901" endtime="20210719 15:41:11.911"/>
</kw>
<status status="PASS" starttime="20210719 15:41:11.899" endtime="20210719 15:41:11.911"/>
</kw>
<kw name="Fechar Navegador Web" library="Resource" type="TEARDOWN">
<kw name="Close Browser" library="SeleniumLibrary">
<doc>Closes the current browser.</doc>
<status status="PASS" starttime="20210719 15:41:11.911" endtime="20210719 15:41:14.868"/>
</kw>
<status status="PASS" starttime="20210719 15:41:11.911" endtime="20210719 15:41:14.868"/>
</kw>
<status status="PASS" starttime="20210719 15:41:09.662" endtime="20210719 15:41:14.869"/>
</test>
<test id="s1-t2" name="Cenário de teste 02 - Preencher dados">
<kw name="Abrir Pagina de Teste" library="Resource">
<kw name="Open Browser" library="SeleniumLibrary">
<arg>${URL}</arg>
<arg>${BROWSER}</arg>
<doc>Opens a new browser instance to the optional ``url``.</doc>
<msg timestamp="20210719 15:41:14.878" level="INFO">Opening browser 'Chrome' to base url 'https://juliarodrigues606.github.io/paginaTeste/'.</msg>
<status status="PASS" starttime="20210719 15:41:14.877" endtime="20210719 15:41:16.639"/>
</kw>
<status status="PASS" starttime="20210719 15:41:14.876" endtime="20210719 15:41:16.640"/>
</kw>
<kw name="Preencher meu nome" library="Resource">
<arg>Julia</arg>
<kw name="Input Text" library="SeleniumLibrary">
<arg>name</arg>
<arg>${name}</arg>
<doc>Types the given ``text`` into the text field identified by ``locator``.</doc>
<msg timestamp="20210719 15:41:16.644" level="INFO">Typing text 'Julia' into text field 'name'.</msg>
<status status="PASS" starttime="20210719 15:41:16.643" endtime="20210719 15:41:16.771"/>
</kw>
<status status="PASS" starttime="20210719 15:41:16.641" endtime="20210719 15:41:16.771"/>
</kw>
<kw name="Preencher meu email" library="Resource">
<arg>juliarodrigues606@gmai.com</arg>
<kw name="Input Text" library="SeleniumLibrary">
<arg>email</arg>
<arg>${email}</arg>
<doc>Types the given ``text`` into the text field identified by ``locator``.</doc>
<msg timestamp="20210719 15:41:16.773" level="INFO">Typing text 'juliarodrigues606@gmai.com' into text field 'email'.</msg>
<status status="PASS" starttime="20210719 15:41:16.772" endtime="20210719 15:41:16.906"/>
</kw>
<status status="PASS" starttime="20210719 15:41:16.771" endtime="20210719 15:41:16.907"/>
</kw>
<kw name="Fechar Navegador Web" library="Resource" type="TEARDOWN">
<kw name="Close Browser" library="SeleniumLibrary">
<doc>Closes the current browser.</doc>
<status status="PASS" starttime="20210719 15:41:16.909" endtime="20210719 15:41:19.091"/>
</kw>
<status status="PASS" starttime="20210719 15:41:16.909" endtime="20210719 15:41:19.091"/>
</kw>
<status status="PASS" starttime="20210719 15:41:14.873" endtime="20210719 15:41:19.091"/>
</test>
<kw name="Emitir mensagem no slack" library="Resource" type="TEARDOWN">
<kw name="Post Message To Channel" library="RobotNotifications">
<arg>Executei minha suite de teste</arg>
<arg>icon_emoji=robot_face</arg>
<arg>username=Robot</arg>
<arg>channel=robot-notifications</arg>
<doc>POST a custom message to a Slack or Mattermost channel.</doc>
<msg timestamp="20210719 15:41:19.510" level="INFO">ok</msg>
<status status="PASS" starttime="20210719 15:41:19.095" endtime="20210719 15:41:19.510"/>
</kw>
<status status="PASS" starttime="20210719 15:41:19.095" endtime="20210719 15:41:19.510"/>
</kw>
<status status="PASS" starttime="20210719 15:41:09.449" endtime="20210719 15:41:19.510"/>
</suite>
<statistics>
<total>
<stat pass="2" fail="0" skip="0">All Tests</stat>
</total>
<tag>
</tag>
<suite>
<stat pass="2" fail="0" skip="0" id="s1" name="PaginaTeste">PaginaTeste</stat>
</suite>
</statistics>
<errors>
</errors>
</robot>
