<?xml version="1.0" encoding="UTF-8"?>
<robot generator="Robot 4.0.3 (Python 3.9.5 on win32)" generated="20210715 14:34:09.194" rpa="false" schemaversion="2">
<suite id="s1" name="PaginaTeste" source="C:\Users\ju_le\OneDrive\Área de Trabalho\Desenvolvimento\robotTeste\PaginaTeste.robot">
<test id="s1-t1" name="Cenário de teste 01 - Abrir Pagina Web">
<kw name="Abrir Pagina de Teste" library="Resource">
<kw name="Open Browser" library="SeleniumLibrary">
<arg>${URL}</arg>
<arg>${BROWSER}</arg>
<doc>Opens a new browser instance to the optional ``url``.</doc>
<msg timestamp="20210715 14:34:09.512" level="INFO">Opening browser 'Chrome' to base url 'https://juliarodrigues606.github.io/paginaTeste/'.</msg>
<status status="PASS" starttime="20210715 14:34:09.512" endtime="20210715 14:34:11.369"/>
</kw>
<kw name="Title Should Be" library="SeleniumLibrary">
<arg>Pagina de Teste Automação - Júlia Rodrigues</arg>
<doc>Verifies that the current page title equals ``title``.</doc>
<msg timestamp="20210715 14:34:11.379" level="INFO">Page title is 'Pagina de Teste Automação - Júlia Rodrigues'.</msg>
<status status="PASS" starttime="20210715 14:34:11.369" endtime="20210715 14:34:11.379"/>
</kw>
<status status="PASS" starttime="20210715 14:34:09.511" endtime="20210715 14:34:11.379"/>
</kw>
<kw name="Fechar Navegador Web" library="Resource" type="TEARDOWN">
<kw name="Close Browser" library="SeleniumLibrary">
<doc>Closes the current browser.</doc>
<status status="PASS" starttime="20210715 14:34:11.382" endtime="20210715 14:34:13.549"/>
</kw>
<status status="PASS" starttime="20210715 14:34:11.380" endtime="20210715 14:34:13.549"/>
</kw>
<status status="PASS" starttime="20210715 14:34:09.510" endtime="20210715 14:34:13.550"/>
</test>
<test id="s1-t2" name="Cenário de teste 02 - Preencher dados">
<kw name="Abrir Pagina de Teste" library="Resource">
<kw name="Open Browser" library="SeleniumLibrary">
<arg>${URL}</arg>
<arg>${BROWSER}</arg>
<doc>Opens a new browser instance to the optional ``url``.</doc>
<msg timestamp="20210715 14:34:13.562" level="INFO">Opening browser 'Chrome' to base url 'https://juliarodrigues606.github.io/paginaTeste/'.</msg>
<status status="PASS" starttime="20210715 14:34:13.562" endtime="20210715 14:34:15.190"/>
</kw>
<kw name="Title Should Be" library="SeleniumLibrary">
<arg>Pagina de Teste Automação - Júlia Rodrigues</arg>
<doc>Verifies that the current page title equals ``title``.</doc>
<msg timestamp="20210715 14:34:15.196" level="INFO">Page title is 'Pagina de Teste Automação - Júlia Rodrigues'.</msg>
<status status="PASS" starttime="20210715 14:34:15.190" endtime="20210715 14:34:15.196"/>
</kw>
<status status="PASS" starttime="20210715 14:34:13.561" endtime="20210715 14:34:15.196"/>
</kw>
<kw name="Preencher meu nome" library="Resource">
<arg>Julia</arg>
<kw name="Input Text" library="SeleniumLibrary">
<arg>name</arg>
<arg>${name}</arg>
<doc>Types the given ``text`` into the text field identified by ``locator``.</doc>
<msg timestamp="20210715 14:34:15.198" level="INFO">Typing text 'Julia' into text field 'name'.</msg>
<status status="PASS" starttime="20210715 14:34:15.197" endtime="20210715 14:34:15.306"/>
</kw>
<status status="PASS" starttime="20210715 14:34:15.197" endtime="20210715 14:34:15.306"/>
</kw>
<kw name="Preencher meu email" library="Resource">
<arg>juliarodrigues606@gmai.com</arg>
<kw name="Input Text" library="SeleniumLibrary">
<arg>email</arg>
<arg>${email}</arg>
<doc>Types the given ``text`` into the text field identified by ``locator``.</doc>
<msg timestamp="20210715 14:34:15.310" level="INFO">Typing text 'juliarodrigues606@gmai.com' into text field 'email'.</msg>
<status status="PASS" starttime="20210715 14:34:15.309" endtime="20210715 14:34:15.418"/>
</kw>
<status status="PASS" starttime="20210715 14:34:15.309" endtime="20210715 14:34:15.419"/>
</kw>
<kw name="Fechar Navegador Web" library="Resource" type="TEARDOWN">
<kw name="Close Browser" library="SeleniumLibrary">
<doc>Closes the current browser.</doc>
<status status="PASS" starttime="20210715 14:34:15.420" endtime="20210715 14:34:17.567"/>
</kw>
<status status="PASS" starttime="20210715 14:34:15.420" endtime="20210715 14:34:17.568"/>
</kw>
<status status="PASS" starttime="20210715 14:34:13.559" endtime="20210715 14:34:17.569"/>
</test>
<status status="PASS" starttime="20210715 14:34:09.196" endtime="20210715 14:34:17.573"/>
</suite>
<statistics>
<total>
<stat pass="2" fail="0" skip="0">All Tests</stat>
</total>
<tag>
</tag>
<suite>
<stat pass="2" fail="0" skip="0" id="s1" name="PaginaTeste">PaginaTeste</stat>
</suite>
</statistics>
<errors>
</errors>
</robot>
